<?xml version="1.0" encoding="UTF-8"?>
<!-- Generated by org.testng.reporters.JUnitReportReporter -->
<testsuite hostname="DESKTOP-T9TA374" failures="0" tests="1" name="Practice.Sample" time="0.082" errors="0" timestamp="2023-03-09T17:29:25 IST" skipped="0">
  <testcase classname="Practice.Sample" name="m1" time="0.082"/>
  <system-out/>
</testsuite> <!-- Practice.Sample -->
